<?xml version="1.0" encoding="UTF-8"?>
<testng-results skipped="0" failed="0" ignored="0" total="1" passed="1">
  <reporter-output>
  </reporter-output>
  <suite name="Default suite" duration-ms="47920" started-at="2019-04-08T07:32:16Z" finished-at="2019-04-08T07:33:04Z">
    <groups>
    </groups>
    <test name="Default test" duration-ms="47920" started-at="2019-04-08T07:32:16Z" finished-at="2019-04-08T07:33:04Z">
      <class name="com.zoopla.test.ZooplaHomePageTest">
        <test-method status="PASS" signature="setUp()[pri:0, instance:com.zoopla.test.ZooplaHomePageTest@2bbf4b8b]" name="setUp" is-config="true" duration-ms="9017" started-at="2019-04-08T07:32:16Z" finished-at="2019-04-08T07:32:25Z">
          <reporter-output>
          </reporter-output>
        </test-method> <!-- setUp -->
        <test-method status="PASS" signature="filterHighToLow()[pri:0, instance:com.zoopla.test.ZooplaHomePageTest@2bbf4b8b]" name="filterHighToLow" duration-ms="35609" started-at="2019-04-08T07:32:25Z" finished-at="2019-04-08T07:33:00Z">
          <reporter-output>
          </reporter-output>
        </test-method> <!-- filterHighToLow -->
        <test-method status="PASS" signature="tearDown()[pri:0, instance:com.zoopla.test.ZooplaHomePageTest@2bbf4b8b]" name="tearDown" is-config="true" duration-ms="3260" started-at="2019-04-08T07:33:00Z" finished-at="2019-04-08T07:33:04Z">
          <reporter-output>
          </reporter-output>
        </test-method> <!-- tearDown -->
      </class> <!-- com.zoopla.test.ZooplaHomePageTest -->
    </test> <!-- Default test -->
  </suite> <!-- Default suite -->
</testng-results>
